/data/gait_re_id/imu_rel_pelvis
None
전체 pair 수: 4547
positive pair 수: 757
negative pair 수: 3790 

easy
전체 pair 수: 1152
positive pair 수: 192
negative pair 수: 960 

normal
전체 pair 수: 1152
positive pair 수: 192
negative pair 수: 960 

hard
전체 pair 수: 1152
positive pair 수: 192
negative pair 수: 960 

overall
전체 pair 수: 3072
positive pair 수: 192
negative pair 수: 2880 

Epoch [1/30], Loss: 0.1416
Epoch [2/30], Loss: 0.1310
Epoch [3/30], Loss: 0.1331
Epoch [4/30], Loss: 0.1322
Epoch [5/30], Loss: 0.1323
Epoch [6/30], Loss: 0.1322
Epoch [7/30], Loss: 0.1299
Epoch [8/30], Loss: 0.1295
Epoch [9/30], Loss: 0.1308
Epoch [10/30], Loss: 0.1310
Epoch [11/30], Loss: 0.1301
Epoch [12/30], Loss: 0.1300
Epoch [13/30], Loss: 0.1295
Epoch [14/30], Loss: 0.1295
Epoch [15/30], Loss: 0.1312
Epoch [16/30], Loss: 0.1296
Epoch [17/30], Loss: 0.1305
Epoch [18/30], Loss: 0.1310
Epoch [19/30], Loss: 0.1304
Epoch [20/30], Loss: 0.1308
Epoch [21/30], Loss: 0.1300
Epoch [22/30], Loss: 0.1314
Epoch [23/30], Loss: 0.1301
Epoch [24/30], Loss: 0.1291
Epoch [25/30], Loss: 0.1294
Epoch [26/30], Loss: 0.1315
Epoch [27/30], Loss: 0.1290
Epoch [28/30], Loss: 0.1298
Epoch [29/30], Loss: 0.1308
Epoch [30/30], Loss: 0.1302
Model weights saved.
Data1 shape: torch.Size([22, 69, 50176]), Data2 shape: torch.Size([22, 69, 50176])

Evaluating Overall Test Set:
Optimal Threshold: 0.9932
=== Binary Classification Metrics ===
Overall AUC Score: 0.7899
Overall F1 Score: 0.4444
Overall Specificity: 0.8171
Overall Sensitivity: 0.8235
Overall Accuracy: 0.8177

Classification Report:
              precision    recall  f1-score   support

         0.0       0.98      0.82      0.89       175
         1.0       0.30      0.82      0.44        17

    accuracy                           0.82       192
   macro avg       0.64      0.82      0.67       192
weighted avg       0.92      0.82      0.85       192


Evaluating Easy Test Set:
