/data/gait_re_id/imu_rel_pelvis
None
전체 pair 수: 4547
positive pair 수: 757
negative pair 수: 3790 

easy
전체 pair 수: 1152
positive pair 수: 192
negative pair 수: 960 

normal
전체 pair 수: 1152
positive pair 수: 192
negative pair 수: 960 

hard
전체 pair 수: 1152
positive pair 수: 192
negative pair 수: 960 

overall
전체 pair 수: 3072
positive pair 수: 192
negative pair 수: 2880 

Epoch [1/10], Loss: 0.0355
Epoch [2/10], Loss: 0.0332
Epoch [3/10], Loss: 0.0334
Epoch [4/10], Loss: 0.0328
Epoch [5/10], Loss: 0.0328
Epoch [6/10], Loss: 0.0327
Epoch [7/10], Loss: 0.0322
Epoch [8/10], Loss: 0.0324
Epoch [9/10], Loss: 0.0326
Epoch [10/10], Loss: 0.0326
Model weights saved.
Data1 shape: torch.Size([22, 69, 50176]), Data2 shape: torch.Size([22, 69, 50176])

Evaluating Overall Test Set:
Optimal Threshold: 0.9992
=== Binary Classification Metrics ===
Overall AUC Score: 0.7669
Overall F1 Score: 0.4483
Overall Specificity: 0.8400
Overall Sensitivity: 0.7647
Overall Accuracy: 0.8333

Classification Report:
              precision    recall  f1-score   support

         0.0       0.97      0.84      0.90       175
         1.0       0.32      0.76      0.45        17

    accuracy                           0.83       192
   macro avg       0.65      0.80      0.68       192
weighted avg       0.92      0.83      0.86       192


Evaluating Easy Test Set:
