/data/gait_re_id/imu_rel_pelvis
None
전체 pair 수: 4547
positive pair 수: 757
negative pair 수: 3790 

easy
전체 pair 수: 1152
positive pair 수: 192
negative pair 수: 960 

normal
전체 pair 수: 1152
positive pair 수: 192
negative pair 수: 960 

hard
전체 pair 수: 1152
positive pair 수: 192
negative pair 수: 960 

overall
전체 pair 수: 3072
positive pair 수: 192
negative pair 수: 2880 

Epoch [1/30], Loss: 0.0355
Epoch [2/30], Loss: 0.0332
Epoch [3/30], Loss: 0.0334
Epoch [4/30], Loss: 0.0328
Epoch [5/30], Loss: 0.0328
Epoch [6/30], Loss: 0.0327
Epoch [7/30], Loss: 0.0322
Epoch [8/30], Loss: 0.0324
Epoch [9/30], Loss: 0.0326
Epoch [10/30], Loss: 0.0326
Epoch [11/30], Loss: 0.0325
Epoch [12/30], Loss: 0.0325
Epoch [13/30], Loss: 0.0322
Epoch [14/30], Loss: 0.0322
Epoch [15/30], Loss: 0.0326
Epoch [16/30], Loss: 0.0322
Epoch [17/30], Loss: 0.0325
Epoch [18/30], Loss: 0.0326
Epoch [19/30], Loss: 0.0324
Epoch [20/30], Loss: 0.0320
Epoch [21/30], Loss: 0.0322
Epoch [22/30], Loss: 0.0326
Epoch [23/30], Loss: 0.0322
Epoch [24/30], Loss: 0.0319
Epoch [25/30], Loss: 0.0321
Epoch [26/30], Loss: 0.0328
Epoch [27/30], Loss: 0.0319
Epoch [28/30], Loss: 0.0320
Epoch [29/30], Loss: 0.0324
Epoch [30/30], Loss: 0.0323
Model weights saved.
Data1 shape: torch.Size([22, 69, 50176]), Data2 shape: torch.Size([22, 69, 50176])

Evaluating Overall Test Set:
Optimal Threshold: 0.9976
=== Binary Classification Metrics ===
Overall AUC Score: 0.7802
Overall F1 Score: 0.2804
Overall Specificity: 0.5714
Overall Sensitivity: 0.8824
Overall Accuracy: 0.5990

Classification Report:
              precision    recall  f1-score   support

         0.0       0.98      0.57      0.72       175
         1.0       0.17      0.88      0.28        17

    accuracy                           0.60       192
   macro avg       0.57      0.73      0.50       192
weighted avg       0.91      0.60      0.68       192


Evaluating Easy Test Set:
