/data/gait_re_id/imu_rel_pelvis
None
전체 pair 수: 8337
positive pair 수: 757
negative pair 수: 7580 

easy
전체 pair 수: 1152
positive pair 수: 192
negative pair 수: 960 

normal
전체 pair 수: 1152
positive pair 수: 192
negative pair 수: 960 

hard
전체 pair 수: 1152
positive pair 수: 192
negative pair 수: 960 

overall
전체 pair 수: 3072
positive pair 수: 192
negative pair 수: 2880 

Epoch [1/10], Loss: 0.0917
Epoch [2/10], Loss: 0.0902
Epoch [3/10], Loss: 0.0904
Epoch [4/10], Loss: 0.0900
Epoch [5/10], Loss: 0.0901
Epoch [6/10], Loss: 0.0900
Epoch [7/10], Loss: 0.0893
Epoch [8/10], Loss: 0.0893
Epoch [9/10], Loss: 0.0886
Epoch [10/10], Loss: 0.0900
Model weights saved.
Data1 shape: torch.Size([22, 69, 50176]), Data2 shape: torch.Size([22, 69, 50176])

Evaluating Overall Test Set:
Optimal Threshold: 0.9996
=== Binary Classification Metrics ===
Overall AUC Score: 0.7590
Overall F1 Score: 0.4706
Overall Specificity: 0.8743
Overall Sensitivity: 0.7059
Overall Accuracy: 0.8594

Classification Report:
              precision    recall  f1-score   support

         0.0       0.97      0.87      0.92       175
         1.0       0.35      0.71      0.47        17

    accuracy                           0.86       192
   macro avg       0.66      0.79      0.69       192
weighted avg       0.91      0.86      0.88       192


Evaluating Easy Test Set:
