/data/gait_re_id/imu_rel_pelvis
None
전체 pair 수: 8337
positive pair 수: 757
negative pair 수: 7580 

easy
전체 pair 수: 1152
positive pair 수: 192
negative pair 수: 960 

normal
전체 pair 수: 1152
positive pair 수: 192
negative pair 수: 960 

hard
전체 pair 수: 1152
positive pair 수: 192
negative pair 수: 960 

overall
전체 pair 수: 3072
positive pair 수: 192
negative pair 수: 2880 

Epoch [1/10], Loss: 0.0232
Epoch [2/10], Loss: 0.0225
Epoch [3/10], Loss: 0.0225
Epoch [4/10], Loss: 0.0226
Epoch [5/10], Loss: 0.0225
Epoch [6/10], Loss: 0.0224
Epoch [7/10], Loss: 0.0223
Epoch [8/10], Loss: 0.0223
Epoch [9/10], Loss: 0.0222
Epoch [10/10], Loss: 0.0224
Model weights saved.
Data1 shape: torch.Size([22, 69, 50176]), Data2 shape: torch.Size([22, 69, 50176])

Evaluating Overall Test Set:
Optimal Threshold: 0.9998
=== Binary Classification Metrics ===
Overall AUC Score: 0.7963
Overall F1 Score: 0.4590
Overall Specificity: 0.8286
Overall Sensitivity: 0.8235
Overall Accuracy: 0.8281

Classification Report:
              precision    recall  f1-score   support

         0.0       0.98      0.83      0.90       175
         1.0       0.32      0.82      0.46        17

    accuracy                           0.83       192
   macro avg       0.65      0.83      0.68       192
weighted avg       0.92      0.83      0.86       192


Evaluating Easy Test Set:
