/data/gait_re_id/imu_rel_pelvis
None
전체 pair 수: 4547
positive pair 수: 757
negative pair 수: 3790 

easy
전체 pair 수: 1152
positive pair 수: 192
negative pair 수: 960 

normal
전체 pair 수: 1152
positive pair 수: 192
negative pair 수: 960 

hard
전체 pair 수: 1152
positive pair 수: 192
negative pair 수: 960 

overall
전체 pair 수: 3072
positive pair 수: 192
negative pair 수: 2880 

Epoch [1/10], Loss: 0.1416
Epoch [2/10], Loss: 0.1310
Epoch [3/10], Loss: 0.1331
Epoch [4/10], Loss: 0.1322
Epoch [5/10], Loss: 0.1323
Epoch [6/10], Loss: 0.1322
Epoch [7/10], Loss: 0.1299
Epoch [8/10], Loss: 0.1295
Epoch [9/10], Loss: 0.1308
Epoch [10/10], Loss: 0.1310
Model weights saved.
Data1 shape: torch.Size([22, 69, 50176]), Data2 shape: torch.Size([22, 69, 50176])

Evaluating Overall Test Set:
Optimal Threshold: 0.9968
=== Binary Classification Metrics ===
Overall AUC Score: 0.7943
Overall F1 Score: 0.4118
Overall Specificity: 0.7886
Overall Sensitivity: 0.8235
Overall Accuracy: 0.7917

Classification Report:
              precision    recall  f1-score   support

         0.0       0.98      0.79      0.87       175
         1.0       0.27      0.82      0.41        17

    accuracy                           0.79       192
   macro avg       0.63      0.81      0.64       192
weighted avg       0.92      0.79      0.83       192


Evaluating Easy Test Set:
