/data/gait_re_id/imu_rel_pelvis
None
전체 pair 수: 8337
positive pair 수: 757
negative pair 수: 7580 

easy
전체 pair 수: 1152
positive pair 수: 192
negative pair 수: 960 

normal
전체 pair 수: 1152
positive pair 수: 192
negative pair 수: 960 

hard
전체 pair 수: 1152
positive pair 수: 192
negative pair 수: 960 

overall
전체 pair 수: 3072
positive pair 수: 192
negative pair 수: 2880 

Epoch [1/5], Loss: 0.0232
Epoch [2/5], Loss: 0.0225
Epoch [3/5], Loss: 0.0225
Epoch [4/5], Loss: 0.0226
Epoch [5/5], Loss: 0.0225
Model weights saved.
Data1 shape: torch.Size([22, 69, 50176]), Data2 shape: torch.Size([22, 69, 50176])

Evaluating Overall Test Set:
Optimal Threshold: 0.9999
=== Binary Classification Metrics ===
Overall AUC Score: 0.7516
Overall F1 Score: 0.3934
Overall Specificity: 0.8171
Overall Sensitivity: 0.7059
Overall Accuracy: 0.8073

Classification Report:
              precision    recall  f1-score   support

         0.0       0.97      0.82      0.89       175
         1.0       0.27      0.71      0.39        17

    accuracy                           0.81       192
   macro avg       0.62      0.76      0.64       192
weighted avg       0.90      0.81      0.84       192


Evaluating Easy Test Set:
