/data/gait_re_id/imu_rel_pelvis
None
전체 pair 수: 8337
positive pair 수: 757
negative pair 수: 7580 

easy
전체 pair 수: 1152
positive pair 수: 192
negative pair 수: 960 

normal
전체 pair 수: 1152
positive pair 수: 192
negative pair 수: 960 

hard
전체 pair 수: 1152
positive pair 수: 192
negative pair 수: 960 

overall
전체 pair 수: 3072
positive pair 수: 192
negative pair 수: 2880 

Epoch [1/5], Loss: 0.0917
Epoch [2/5], Loss: 0.0902
Epoch [3/5], Loss: 0.0904
Epoch [4/5], Loss: 0.0900
Epoch [5/5], Loss: 0.0901
Model weights saved.
Data1 shape: torch.Size([22, 69, 50176]), Data2 shape: torch.Size([22, 69, 50176])

Evaluating Overall Test Set:
Optimal Threshold: 0.9997
=== Binary Classification Metrics ===
Overall AUC Score: 0.8071
Overall F1 Score: 0.4906
Overall Specificity: 0.8686
Overall Sensitivity: 0.7647
Overall Accuracy: 0.8594

Classification Report:
              precision    recall  f1-score   support

         0.0       0.97      0.87      0.92       175
         1.0       0.36      0.76      0.49        17

    accuracy                           0.86       192
   macro avg       0.67      0.82      0.70       192
weighted avg       0.92      0.86      0.88       192


Evaluating Easy Test Set:
