/data/gait_re_id/imu_rel_pelvis
None
전체 pair 수: 8337
positive pair 수: 757
negative pair 수: 7580 

easy
전체 pair 수: 1152
positive pair 수: 192
negative pair 수: 960 

normal
전체 pair 수: 1152
positive pair 수: 192
negative pair 수: 960 

hard
전체 pair 수: 1152
positive pair 수: 192
negative pair 수: 960 

overall
전체 pair 수: 3072
positive pair 수: 192
negative pair 수: 2880 

Epoch [1/30], Loss: 0.0232
Epoch [2/30], Loss: 0.0225
Epoch [3/30], Loss: 0.0225
Epoch [4/30], Loss: 0.0226
Epoch [5/30], Loss: 0.0225
Epoch [6/30], Loss: 0.0224
Epoch [7/30], Loss: 0.0223
Epoch [8/30], Loss: 0.0223
Epoch [9/30], Loss: 0.0222
Epoch [10/30], Loss: 0.0224
Epoch [11/30], Loss: 0.0223
Epoch [12/30], Loss: 0.0227
Epoch [13/30], Loss: 0.0224
Epoch [14/30], Loss: 0.0223
Epoch [15/30], Loss: 0.0222
Epoch [16/30], Loss: 0.0219
Epoch [17/30], Loss: 0.0222
Epoch [18/30], Loss: 0.0222
Epoch [19/30], Loss: 0.0223
Epoch [20/30], Loss: 0.0223
Epoch [21/30], Loss: 0.0223
Epoch [22/30], Loss: 0.0222
Epoch [23/30], Loss: 0.0221
Epoch [24/30], Loss: 0.0221
Epoch [25/30], Loss: 0.0221
Epoch [26/30], Loss: 0.0225
Epoch [27/30], Loss: 0.0227
Epoch [28/30], Loss: 0.0223
Epoch [29/30], Loss: 0.0220
Epoch [30/30], Loss: 0.0218
Model weights saved.
Data1 shape: torch.Size([22, 69, 50176]), Data2 shape: torch.Size([22, 69, 50176])

Evaluating Overall Test Set:
Optimal Threshold: 0.9997
=== Binary Classification Metrics ===
Overall AUC Score: 0.8185
Overall F1 Score: 0.4262
Overall Specificity: 0.8229
Overall Sensitivity: 0.7647
Overall Accuracy: 0.8177

Classification Report:
              precision    recall  f1-score   support

         0.0       0.97      0.82      0.89       175
         1.0       0.30      0.76      0.43        17

    accuracy                           0.82       192
   macro avg       0.63      0.79      0.66       192
weighted avg       0.91      0.82      0.85       192


Evaluating Easy Test Set:
