/data/gait_re_id/imu_rel_pelvis
None
전체 pair 수: 8337
positive pair 수: 757
negative pair 수: 7580 

easy
전체 pair 수: 1152
positive pair 수: 192
negative pair 수: 960 

normal
전체 pair 수: 1152
positive pair 수: 192
negative pair 수: 960 

hard
전체 pair 수: 1152
positive pair 수: 192
negative pair 수: 960 

overall
전체 pair 수: 3072
positive pair 수: 192
negative pair 수: 2880 

Epoch [1/30], Loss: 0.0917
Epoch [2/30], Loss: 0.0902
Epoch [3/30], Loss: 0.0904
Epoch [4/30], Loss: 0.0900
Epoch [5/30], Loss: 0.0901
Epoch [6/30], Loss: 0.0900
Epoch [7/30], Loss: 0.0893
