/data/gait_re_id/imu_rel_pelvis
None
전체 pair 수: 4547
positive pair 수: 757
negative pair 수: 3790 

easy
전체 pair 수: 1152
positive pair 수: 192
negative pair 수: 960 

normal
전체 pair 수: 1152
positive pair 수: 192
negative pair 수: 960 

hard
전체 pair 수: 1152
positive pair 수: 192
negative pair 수: 960 

overall
전체 pair 수: 3072
positive pair 수: 192
negative pair 수: 2880 

Original data1 shape: torch.Size([69, 200]), size: 13800
Original data2 shape: torch.Size([69, 200]), size: 13800
Padded data1 shape: torch.Size([69, 727]), size: 50163
Padded data2 shape: torch.Size([69, 727]), size: 50163
