/data/gait_re_id/imu_rel_pelvis
None
전체 pair 수: 8337
positive pair 수: 757
negative pair 수: 7580 

easy
전체 pair 수: 1152
positive pair 수: 192
negative pair 수: 960 

normal
전체 pair 수: 1152
positive pair 수: 192
negative pair 수: 960 

hard
전체 pair 수: 1152
positive pair 수: 192
negative pair 수: 960 

overall
전체 pair 수: 3072
positive pair 수: 192
negative pair 수: 2880 

Epoch [1/5], Loss: 0.0928
Epoch [2/5], Loss: 0.0916
Epoch [3/5], Loss: 0.0929
Epoch [4/5], Loss: 0.0932
Epoch [5/5], Loss: 0.0933
Model weights saved.
Data1 shape: torch.Size([22, 69, 50176]), Data2 shape: torch.Size([22, 69, 50176])

Evaluating Overall Test Set:
Optimal Threshold: 1.0000
=== Binary Classification Metrics ===
Overall AUC Score: 0.8025
Overall F1 Score: 0.4828
Overall Specificity: 0.8457
Overall Sensitivity: 0.8235
Overall Accuracy: 0.8438

Classification Report:
              precision    recall  f1-score   support

         0.0       0.98      0.85      0.91       175
         1.0       0.34      0.82      0.48        17

    accuracy                           0.84       192
   macro avg       0.66      0.83      0.70       192
weighted avg       0.92      0.84      0.87       192


Evaluating Easy Test Set:
