/data/gait_re_id/imu_rel_pelvis
None
전체 pair 수: 4547
positive pair 수: 757
negative pair 수: 3790 

easy
전체 pair 수: 1152
positive pair 수: 192
negative pair 수: 960 

normal
전체 pair 수: 1152
positive pair 수: 192
negative pair 수: 960 

hard
전체 pair 수: 1152
positive pair 수: 192
negative pair 수: 960 

overall
전체 pair 수: 3072
positive pair 수: 192
negative pair 수: 2880 

Epoch [1/10], Loss: 0.1418
Epoch [2/10], Loss: 0.1350
Epoch [3/10], Loss: 0.1384
Epoch [4/10], Loss: 0.1357
Epoch [5/10], Loss: 0.1356
Epoch [6/10], Loss: 0.1367
Epoch [7/10], Loss: 0.1331
Epoch [8/10], Loss: 0.1339
Epoch [9/10], Loss: 0.1351
Epoch [10/10], Loss: 0.1349
Model weights saved.
Data1 shape: torch.Size([22, 69, 50176]), Data2 shape: torch.Size([22, 69, 50176])

Evaluating Overall Test Set:
Optimal Threshold: 0.9998
=== Binary Classification Metrics ===
Overall AUC Score: 0.7946
Overall F1 Score: 0.5200
Overall Specificity: 0.8857
Overall Sensitivity: 0.7647
Overall Accuracy: 0.8750

Classification Report:
              precision    recall  f1-score   support

         0.0       0.97      0.89      0.93       175
         1.0       0.39      0.76      0.52        17

    accuracy                           0.88       192
   macro avg       0.68      0.83      0.72       192
weighted avg       0.92      0.88      0.89       192


Evaluating Easy Test Set:
