/data/gait_re_id/imu_rel_pelvis
None
전체 pair 수: 8337
positive pair 수: 757
negative pair 수: 7580 

easy
전체 pair 수: 1152
positive pair 수: 192
negative pair 수: 960 

normal
전체 pair 수: 1152
positive pair 수: 192
negative pair 수: 960 

hard
전체 pair 수: 1152
positive pair 수: 192
negative pair 수: 960 

overall
전체 pair 수: 3072
positive pair 수: 192
negative pair 수: 2880 

Epoch [1/5], Loss: 0.0238
Epoch [2/5], Loss: 0.0229
Epoch [3/5], Loss: 0.0232
Epoch [4/5], Loss: 0.0232
Epoch [5/5], Loss: 0.0235
Model weights saved.
Data1 shape: torch.Size([22, 69, 50176]), Data2 shape: torch.Size([22, 69, 50176])

Evaluating Overall Test Set:
Optimal Threshold: 1.0000
=== Binary Classification Metrics ===
Overall AUC Score: 0.8057
Overall F1 Score: 0.4746
Overall Specificity: 0.8400
Overall Sensitivity: 0.8235
Overall Accuracy: 0.8385

Classification Report:
              precision    recall  f1-score   support

         0.0       0.98      0.84      0.90       175
         1.0       0.33      0.82      0.47        17

    accuracy                           0.84       192
   macro avg       0.66      0.83      0.69       192
weighted avg       0.92      0.84      0.87       192


Evaluating Easy Test Set:
