/data/gait_re_id/imu_rel_pelvis
None
전체 pair 수: 4547
positive pair 수: 757
negative pair 수: 3790 

easy
전체 pair 수: 1152
positive pair 수: 192
negative pair 수: 960 

normal
전체 pair 수: 1152
positive pair 수: 192
negative pair 수: 960 

hard
전체 pair 수: 1152
positive pair 수: 192
negative pair 수: 960 

overall
전체 pair 수: 3072
positive pair 수: 192
negative pair 수: 2880 

Epoch [1/5], Loss: 0.1418
Epoch [2/5], Loss: 0.1350
Epoch [3/5], Loss: 0.1384
Epoch [4/5], Loss: 0.1357
Epoch [5/5], Loss: 0.1356
Model weights saved.
Data1 shape: torch.Size([22, 69, 50176]), Data2 shape: torch.Size([22, 69, 50176])

Evaluating Overall Test Set:
Optimal Threshold: 0.9999
=== Binary Classification Metrics ===
Overall AUC Score: 0.8198
Overall F1 Score: 0.4516
Overall Specificity: 0.8229
Overall Sensitivity: 0.8235
Overall Accuracy: 0.8229

Classification Report:
              precision    recall  f1-score   support

         0.0       0.98      0.82      0.89       175
         1.0       0.31      0.82      0.45        17

    accuracy                           0.82       192
   macro avg       0.65      0.82      0.67       192
weighted avg       0.92      0.82      0.86       192


Evaluating Easy Test Set:
