/data/gait_re_id/imu_rel_pelvis
None
전체 pair 수: 4547
positive pair 수: 757
negative pair 수: 3790 

easy
전체 pair 수: 1152
positive pair 수: 192
negative pair 수: 960 

normal
전체 pair 수: 1152
positive pair 수: 192
negative pair 수: 960 

hard
전체 pair 수: 1152
positive pair 수: 192
negative pair 수: 960 

overall
전체 pair 수: 3072
positive pair 수: 192
negative pair 수: 2880 

Epoch [1/5], Loss: 0.0355
Epoch [2/5], Loss: 0.0332
Epoch [3/5], Loss: 0.0334
Epoch [4/5], Loss: 0.0328
Epoch [5/5], Loss: 0.0328
Model weights saved.
Data1 shape: torch.Size([22, 69, 50176]), Data2 shape: torch.Size([22, 69, 50176])

Evaluating Overall Test Set:
Optimal Threshold: 0.9994
=== Binary Classification Metrics ===
Overall AUC Score: 0.8161
Overall F1 Score: 0.4058
Overall Specificity: 0.7829
Overall Sensitivity: 0.8235
Overall Accuracy: 0.7865

Classification Report:
              precision    recall  f1-score   support

         0.0       0.98      0.78      0.87       175
         1.0       0.27      0.82      0.41        17

    accuracy                           0.79       192
   macro avg       0.62      0.80      0.64       192
weighted avg       0.92      0.79      0.83       192


Evaluating Easy Test Set:
